2015-04-16 9:16:01 - PHP Notice:  Undefined variable: header in E:\xampp\htdocs\zotamart\application\view\theme\default\template\checkout\checkout.tpl on line 1
2015-04-16 9:16:01 - PHP Notice:  Undefined variable: footer in E:\xampp\htdocs\zotamart\application\view\theme\default\template\checkout\checkout.tpl on line 435
2015-04-17 4:54:40 - PHP Warning:  fopen(/var/www/html/zotamart/system/cache/cache.store.1429250080): failed to open stream: Permission denied in /var/www/html/zotamart/system/library/cache/file.php on line 49
2015-04-17 4:54:40 - PHP Warning:  flock() expects parameter 1 to be resource, boolean given in /var/www/html/zotamart/system/library/cache/file.php on line 51
2015-04-17 4:54:40 - PHP Warning:  fwrite() expects parameter 1 to be resource, boolean given in /var/www/html/zotamart/system/library/cache/file.php on line 53
2015-04-17 4:54:40 - PHP Warning:  fflush() expects parameter 1 to be resource, boolean given in /var/www/html/zotamart/system/library/cache/file.php on line 55
2015-04-17 4:54:40 - PHP Warning:  flock() expects parameter 1 to be resource, boolean given in /var/www/html/zotamart/system/library/cache/file.php on line 57
2015-04-17 4:54:40 - PHP Warning:  fclose() expects parameter 1 to be resource, boolean given in /var/www/html/zotamart/system/library/cache/file.php on line 59
2015-04-17 4:54:40 - PHP Warning:  fopen(/var/www/html/zotamart/system/cache/cache.order_status.1.1429250080): failed to open stream: Permission denied in /var/www/html/zotamart/system/library/cache/file.php on line 49
2015-04-17 4:54:40 - PHP Warning:  flock() expects parameter 1 to be resource, boolean given in /var/www/html/zotamart/system/library/cache/file.php on line 51
2015-04-17 4:54:40 - PHP Warning:  fwrite() expects parameter 1 to be resource, boolean given in /var/www/html/zotamart/system/library/cache/file.php on line 53
2015-04-17 4:54:40 - PHP Warning:  fflush() expects parameter 1 to be resource, boolean given in /var/www/html/zotamart/system/library/cache/file.php on line 55
2015-04-17 4:54:40 - PHP Warning:  flock() expects parameter 1 to be resource, boolean given in /var/www/html/zotamart/system/library/cache/file.php on line 57
2015-04-17 4:54:40 - PHP Warning:  fclose() expects parameter 1 to be resource, boolean given in /var/www/html/zotamart/system/library/cache/file.php on line 59
2015-04-17 8:14:52 - PHP Notice:  Undefined index: catalog_id in /var/www/html/zotamart/application/controller/common/header.php on line 34
2015-04-17 8:14:52 - PHP Notice:  Undefined index: catalog_id in /var/www/html/zotamart/application/controller/common/header.php on line 34
2015-04-17 8:14:52 - PHP Notice:  Undefined index: catalog_id in /var/www/html/zotamart/application/controller/common/header.php on line 34
2015-04-17 8:14:52 - PHP Notice:  Undefined index: catalog_id in /var/www/html/zotamart/application/controller/common/header.php on line 34
2015-04-17 8:14:52 - PHP Notice:  Undefined index: catalog_id in /var/www/html/zotamart/application/controller/common/header.php on line 34
2015-04-17 8:14:52 - PHP Notice:  Undefined index: catalog_id in /var/www/html/zotamart/application/controller/common/header.php on line 34
2015-04-17 8:14:52 - PHP Notice:  Undefined index: catalog_id in /var/www/html/zotamart/application/controller/common/header.php on line 34
2015-04-17 8:16:15 - PHP Notice:  Undefined index: catalog_id in /var/www/html/zotamart/application/controller/common/header.php on line 35
2015-04-17 8:16:15 - PHP Notice:  Undefined index: catalog_id in /var/www/html/zotamart/application/controller/common/header.php on line 35
2015-04-17 8:16:15 - PHP Notice:  Undefined index: catalog_id in /var/www/html/zotamart/application/controller/common/header.php on line 35
2015-04-17 8:16:15 - PHP Notice:  Undefined index: catalog_id in /var/www/html/zotamart/application/controller/common/header.php on line 35
2015-04-17 8:16:15 - PHP Notice:  Undefined index: catalog_id in /var/www/html/zotamart/application/controller/common/header.php on line 35
2015-04-17 8:16:15 - PHP Notice:  Undefined index: catalog_id in /var/www/html/zotamart/application/controller/common/header.php on line 35
2015-04-17 8:16:15 - PHP Notice:  Undefined index: catalog_id in /var/www/html/zotamart/application/controller/common/header.php on line 35
2015-04-17 9:19:26 - PHP Notice:  Error: You have an error in your SQL syntax; check the manual that corresponds to your MySQL server version for the right syntax to use near ' p.category_id=20' at line 1<br />Error No: 1064<br />SELECT DISTINCT *, p.product_id, pd.name AS name, p.image, p.price FROM product p LEFT JOIN product_description pd ON p.product_id = pd.product_id WHERE isPromotionProduct = 1, p.category_id=20 in /var/www/html/zotamart/system/library/db/mysqli.php on line 41
2015-04-17 9:19:26 - PHP Notice:  Trying to get property of non-object in /var/www/html/zotamart/application/model/catalog/product.php on line 6
2015-04-17 9:19:26 - PHP Warning:  Invalid argument supplied for foreach() in /var/www/html/zotamart/application/controller/common/home.php on line 24
2015-04-17 9:19:26 - PHP Notice:  Error: You have an error in your SQL syntax; check the manual that corresponds to your MySQL server version for the right syntax to use near ' p.category_id=25' at line 1<br />Error No: 1064<br />SELECT DISTINCT *, p.product_id, pd.name AS name, p.image, p.price FROM product p LEFT JOIN product_description pd ON p.product_id = pd.product_id WHERE isPromotionProduct = 1, p.category_id=25 in /var/www/html/zotamart/system/library/db/mysqli.php on line 41
2015-04-17 9:19:26 - PHP Notice:  Trying to get property of non-object in /var/www/html/zotamart/application/model/catalog/product.php on line 6
2015-04-17 9:19:26 - PHP Warning:  Invalid argument supplied for foreach() in /var/www/html/zotamart/application/controller/common/home.php on line 24
2015-04-17 9:19:26 - PHP Notice:  Error: You have an error in your SQL syntax; check the manual that corresponds to your MySQL server version for the right syntax to use near ' p.category_id=57' at line 1<br />Error No: 1064<br />SELECT DISTINCT *, p.product_id, pd.name AS name, p.image, p.price FROM product p LEFT JOIN product_description pd ON p.product_id = pd.product_id WHERE isPromotionProduct = 1, p.category_id=57 in /var/www/html/zotamart/system/library/db/mysqli.php on line 41
2015-04-17 9:19:26 - PHP Notice:  Trying to get property of non-object in /var/www/html/zotamart/application/model/catalog/product.php on line 6
2015-04-17 9:19:26 - PHP Warning:  Invalid argument supplied for foreach() in /var/www/html/zotamart/application/controller/common/home.php on line 24
2015-04-17 9:19:26 - PHP Notice:  Error: You have an error in your SQL syntax; check the manual that corresponds to your MySQL server version for the right syntax to use near ' p.category_id=17' at line 1<br />Error No: 1064<br />SELECT DISTINCT *, p.product_id, pd.name AS name, p.image, p.price FROM product p LEFT JOIN product_description pd ON p.product_id = pd.product_id WHERE isPromotionProduct = 1, p.category_id=17 in /var/www/html/zotamart/system/library/db/mysqli.php on line 41
2015-04-17 9:19:26 - PHP Notice:  Trying to get property of non-object in /var/www/html/zotamart/application/model/catalog/product.php on line 6
2015-04-17 9:19:26 - PHP Warning:  Invalid argument supplied for foreach() in /var/www/html/zotamart/application/controller/common/home.php on line 24
2015-04-17 9:19:26 - PHP Notice:  Error: You have an error in your SQL syntax; check the manual that corresponds to your MySQL server version for the right syntax to use near ' p.category_id=24' at line 1<br />Error No: 1064<br />SELECT DISTINCT *, p.product_id, pd.name AS name, p.image, p.price FROM product p LEFT JOIN product_description pd ON p.product_id = pd.product_id WHERE isPromotionProduct = 1, p.category_id=24 in /var/www/html/zotamart/system/library/db/mysqli.php on line 41
2015-04-17 9:19:26 - PHP Notice:  Trying to get property of non-object in /var/www/html/zotamart/application/model/catalog/product.php on line 6
2015-04-17 9:19:26 - PHP Warning:  Invalid argument supplied for foreach() in /var/www/html/zotamart/application/controller/common/home.php on line 24
2015-04-17 9:19:26 - PHP Notice:  Error: You have an error in your SQL syntax; check the manual that corresponds to your MySQL server version for the right syntax to use near ' p.category_id=33' at line 1<br />Error No: 1064<br />SELECT DISTINCT *, p.product_id, pd.name AS name, p.image, p.price FROM product p LEFT JOIN product_description pd ON p.product_id = pd.product_id WHERE isPromotionProduct = 1, p.category_id=33 in /var/www/html/zotamart/system/library/db/mysqli.php on line 41
2015-04-17 9:19:26 - PHP Notice:  Trying to get property of non-object in /var/www/html/zotamart/application/model/catalog/product.php on line 6
2015-04-17 9:19:26 - PHP Warning:  Invalid argument supplied for foreach() in /var/www/html/zotamart/application/controller/common/home.php on line 24
2015-04-17 9:19:26 - PHP Notice:  Error: You have an error in your SQL syntax; check the manual that corresponds to your MySQL server version for the right syntax to use near ' p.category_id=34' at line 1<br />Error No: 1064<br />SELECT DISTINCT *, p.product_id, pd.name AS name, p.image, p.price FROM product p LEFT JOIN product_description pd ON p.product_id = pd.product_id WHERE isPromotionProduct = 1, p.category_id=34 in /var/www/html/zotamart/system/library/db/mysqli.php on line 41
2015-04-17 9:19:26 - PHP Notice:  Trying to get property of non-object in /var/www/html/zotamart/application/model/catalog/product.php on line 6
2015-04-17 9:19:26 - PHP Warning:  Invalid argument supplied for foreach() in /var/www/html/zotamart/application/controller/common/home.php on line 24
2015-04-17 9:19:29 - PHP Notice:  Error: You have an error in your SQL syntax; check the manual that corresponds to your MySQL server version for the right syntax to use near ' p.category_id=20' at line 1<br />Error No: 1064<br />SELECT DISTINCT *, p.product_id, pd.name AS name, p.image, p.price FROM product p LEFT JOIN product_description pd ON p.product_id = pd.product_id WHERE isPromotionProduct = 1, p.category_id=20 in /var/www/html/zotamart/system/library/db/mysqli.php on line 41
2015-04-17 9:19:29 - PHP Notice:  Trying to get property of non-object in /var/www/html/zotamart/application/model/catalog/product.php on line 6
2015-04-17 9:19:29 - PHP Warning:  Invalid argument supplied for foreach() in /var/www/html/zotamart/application/controller/common/home.php on line 24
2015-04-17 9:19:29 - PHP Notice:  Error: You have an error in your SQL syntax; check the manual that corresponds to your MySQL server version for the right syntax to use near ' p.category_id=25' at line 1<br />Error No: 1064<br />SELECT DISTINCT *, p.product_id, pd.name AS name, p.image, p.price FROM product p LEFT JOIN product_description pd ON p.product_id = pd.product_id WHERE isPromotionProduct = 1, p.category_id=25 in /var/www/html/zotamart/system/library/db/mysqli.php on line 41
2015-04-17 9:19:29 - PHP Notice:  Trying to get property of non-object in /var/www/html/zotamart/application/model/catalog/product.php on line 6
2015-04-17 9:19:29 - PHP Warning:  Invalid argument supplied for foreach() in /var/www/html/zotamart/application/controller/common/home.php on line 24
2015-04-17 9:19:29 - PHP Notice:  Error: You have an error in your SQL syntax; check the manual that corresponds to your MySQL server version for the right syntax to use near ' p.category_id=57' at line 1<br />Error No: 1064<br />SELECT DISTINCT *, p.product_id, pd.name AS name, p.image, p.price FROM product p LEFT JOIN product_description pd ON p.product_id = pd.product_id WHERE isPromotionProduct = 1, p.category_id=57 in /var/www/html/zotamart/system/library/db/mysqli.php on line 41
2015-04-17 9:19:29 - PHP Notice:  Trying to get property of non-object in /var/www/html/zotamart/application/model/catalog/product.php on line 6
2015-04-17 9:19:29 - PHP Warning:  Invalid argument supplied for foreach() in /var/www/html/zotamart/application/controller/common/home.php on line 24
2015-04-17 9:19:29 - PHP Notice:  Error: You have an error in your SQL syntax; check the manual that corresponds to your MySQL server version for the right syntax to use near ' p.category_id=17' at line 1<br />Error No: 1064<br />SELECT DISTINCT *, p.product_id, pd.name AS name, p.image, p.price FROM product p LEFT JOIN product_description pd ON p.product_id = pd.product_id WHERE isPromotionProduct = 1, p.category_id=17 in /var/www/html/zotamart/system/library/db/mysqli.php on line 41
2015-04-17 9:19:29 - PHP Notice:  Trying to get property of non-object in /var/www/html/zotamart/application/model/catalog/product.php on line 6
2015-04-17 9:19:29 - PHP Warning:  Invalid argument supplied for foreach() in /var/www/html/zotamart/application/controller/common/home.php on line 24
2015-04-17 9:19:29 - PHP Notice:  Error: You have an error in your SQL syntax; check the manual that corresponds to your MySQL server version for the right syntax to use near ' p.category_id=24' at line 1<br />Error No: 1064<br />SELECT DISTINCT *, p.product_id, pd.name AS name, p.image, p.price FROM product p LEFT JOIN product_description pd ON p.product_id = pd.product_id WHERE isPromotionProduct = 1, p.category_id=24 in /var/www/html/zotamart/system/library/db/mysqli.php on line 41
2015-04-17 9:19:29 - PHP Notice:  Trying to get property of non-object in /var/www/html/zotamart/application/model/catalog/product.php on line 6
2015-04-17 9:19:29 - PHP Warning:  Invalid argument supplied for foreach() in /var/www/html/zotamart/application/controller/common/home.php on line 24
2015-04-17 9:19:29 - PHP Notice:  Error: You have an error in your SQL syntax; check the manual that corresponds to your MySQL server version for the right syntax to use near ' p.category_id=33' at line 1<br />Error No: 1064<br />SELECT DISTINCT *, p.product_id, pd.name AS name, p.image, p.price FROM product p LEFT JOIN product_description pd ON p.product_id = pd.product_id WHERE isPromotionProduct = 1, p.category_id=33 in /var/www/html/zotamart/system/library/db/mysqli.php on line 41
2015-04-17 9:19:29 - PHP Notice:  Trying to get property of non-object in /var/www/html/zotamart/application/model/catalog/product.php on line 6
2015-04-17 9:19:29 - PHP Warning:  Invalid argument supplied for foreach() in /var/www/html/zotamart/application/controller/common/home.php on line 24
2015-04-17 9:19:29 - PHP Notice:  Error: You have an error in your SQL syntax; check the manual that corresponds to your MySQL server version for the right syntax to use near ' p.category_id=34' at line 1<br />Error No: 1064<br />SELECT DISTINCT *, p.product_id, pd.name AS name, p.image, p.price FROM product p LEFT JOIN product_description pd ON p.product_id = pd.product_id WHERE isPromotionProduct = 1, p.category_id=34 in /var/www/html/zotamart/system/library/db/mysqli.php on line 41
2015-04-17 9:19:29 - PHP Notice:  Trying to get property of non-object in /var/www/html/zotamart/application/model/catalog/product.php on line 6
2015-04-17 9:19:29 - PHP Warning:  Invalid argument supplied for foreach() in /var/www/html/zotamart/application/controller/common/home.php on line 24
2015-04-17 9:22:11 - PHP Notice:  Error: You have an error in your SQL syntax; check the manual that corresponds to your MySQL server version for the right syntax to use near ' p.category_id=20' at line 1<br />Error No: 1064<br />SELECT DISTINCT *, p.product_id, pd.name AS name, p.image, p.price FROM product p LEFT JOIN product_description pd ON p.product_id = pd.product_id WHERE isPromotionProduct = 1, p.category_id=20 in /var/www/html/zotamart/system/library/db/mysqli.php on line 41
2015-04-17 9:22:11 - PHP Notice:  Trying to get property of non-object in /var/www/html/zotamart/application/model/catalog/product.php on line 6
2015-04-17 9:22:11 - PHP Warning:  Invalid argument supplied for foreach() in /var/www/html/zotamart/application/controller/common/home.php on line 24
2015-04-17 9:22:11 - PHP Notice:  Error: You have an error in your SQL syntax; check the manual that corresponds to your MySQL server version for the right syntax to use near ' p.category_id=25' at line 1<br />Error No: 1064<br />SELECT DISTINCT *, p.product_id, pd.name AS name, p.image, p.price FROM product p LEFT JOIN product_description pd ON p.product_id = pd.product_id WHERE isPromotionProduct = 1, p.category_id=25 in /var/www/html/zotamart/system/library/db/mysqli.php on line 41
2015-04-17 9:22:11 - PHP Notice:  Trying to get property of non-object in /var/www/html/zotamart/application/model/catalog/product.php on line 6
2015-04-17 9:22:11 - PHP Warning:  Invalid argument supplied for foreach() in /var/www/html/zotamart/application/controller/common/home.php on line 24
2015-04-17 9:22:11 - PHP Notice:  Error: You have an error in your SQL syntax; check the manual that corresponds to your MySQL server version for the right syntax to use near ' p.category_id=57' at line 1<br />Error No: 1064<br />SELECT DISTINCT *, p.product_id, pd.name AS name, p.image, p.price FROM product p LEFT JOIN product_description pd ON p.product_id = pd.product_id WHERE isPromotionProduct = 1, p.category_id=57 in /var/www/html/zotamart/system/library/db/mysqli.php on line 41
2015-04-17 9:22:11 - PHP Notice:  Trying to get property of non-object in /var/www/html/zotamart/application/model/catalog/product.php on line 6
2015-04-17 9:22:11 - PHP Warning:  Invalid argument supplied for foreach() in /var/www/html/zotamart/application/controller/common/home.php on line 24
2015-04-17 9:22:11 - PHP Notice:  Error: You have an error in your SQL syntax; check the manual that corresponds to your MySQL server version for the right syntax to use near ' p.category_id=17' at line 1<br />Error No: 1064<br />SELECT DISTINCT *, p.product_id, pd.name AS name, p.image, p.price FROM product p LEFT JOIN product_description pd ON p.product_id = pd.product_id WHERE isPromotionProduct = 1, p.category_id=17 in /var/www/html/zotamart/system/library/db/mysqli.php on line 41
2015-04-17 9:22:11 - PHP Notice:  Trying to get property of non-object in /var/www/html/zotamart/application/model/catalog/product.php on line 6
2015-04-17 9:22:11 - PHP Warning:  Invalid argument supplied for foreach() in /var/www/html/zotamart/application/controller/common/home.php on line 24
2015-04-17 9:22:11 - PHP Notice:  Error: You have an error in your SQL syntax; check the manual that corresponds to your MySQL server version for the right syntax to use near ' p.category_id=24' at line 1<br />Error No: 1064<br />SELECT DISTINCT *, p.product_id, pd.name AS name, p.image, p.price FROM product p LEFT JOIN product_description pd ON p.product_id = pd.product_id WHERE isPromotionProduct = 1, p.category_id=24 in /var/www/html/zotamart/system/library/db/mysqli.php on line 41
2015-04-17 9:22:11 - PHP Notice:  Trying to get property of non-object in /var/www/html/zotamart/application/model/catalog/product.php on line 6
2015-04-17 9:22:11 - PHP Warning:  Invalid argument supplied for foreach() in /var/www/html/zotamart/application/controller/common/home.php on line 24
2015-04-17 9:22:11 - PHP Notice:  Error: You have an error in your SQL syntax; check the manual that corresponds to your MySQL server version for the right syntax to use near ' p.category_id=33' at line 1<br />Error No: 1064<br />SELECT DISTINCT *, p.product_id, pd.name AS name, p.image, p.price FROM product p LEFT JOIN product_description pd ON p.product_id = pd.product_id WHERE isPromotionProduct = 1, p.category_id=33 in /var/www/html/zotamart/system/library/db/mysqli.php on line 41
2015-04-17 9:22:11 - PHP Notice:  Trying to get property of non-object in /var/www/html/zotamart/application/model/catalog/product.php on line 6
2015-04-17 9:22:11 - PHP Warning:  Invalid argument supplied for foreach() in /var/www/html/zotamart/application/controller/common/home.php on line 24
2015-04-17 9:22:11 - PHP Notice:  Error: You have an error in your SQL syntax; check the manual that corresponds to your MySQL server version for the right syntax to use near ' p.category_id=34' at line 1<br />Error No: 1064<br />SELECT DISTINCT *, p.product_id, pd.name AS name, p.image, p.price FROM product p LEFT JOIN product_description pd ON p.product_id = pd.product_id WHERE isPromotionProduct = 1, p.category_id=34 in /var/www/html/zotamart/system/library/db/mysqli.php on line 41
2015-04-17 9:22:11 - PHP Notice:  Trying to get property of non-object in /var/www/html/zotamart/application/model/catalog/product.php on line 6
2015-04-17 9:22:11 - PHP Warning:  Invalid argument supplied for foreach() in /var/www/html/zotamart/application/controller/common/home.php on line 24
2015-04-17 9:22:11 - PHP Notice:  Error: You have an error in your SQL syntax; check the manual that corresponds to your MySQL server version for the right syntax to use near ' p.category_id=20' at line 1<br />Error No: 1064<br />SELECT DISTINCT *, p.product_id, pd.name AS name, p.image, p.price FROM product p LEFT JOIN product_description pd ON p.product_id = pd.product_id WHERE isPromotionProduct = 1, p.category_id=20 in /var/www/html/zotamart/system/library/db/mysqli.php on line 41
2015-04-17 9:22:11 - PHP Notice:  Trying to get property of non-object in /var/www/html/zotamart/application/model/catalog/product.php on line 6
2015-04-17 9:22:11 - PHP Warning:  Invalid argument supplied for foreach() in /var/www/html/zotamart/application/controller/common/home.php on line 24
2015-04-17 9:22:11 - PHP Notice:  Error: You have an error in your SQL syntax; check the manual that corresponds to your MySQL server version for the right syntax to use near ' p.category_id=25' at line 1<br />Error No: 1064<br />SELECT DISTINCT *, p.product_id, pd.name AS name, p.image, p.price FROM product p LEFT JOIN product_description pd ON p.product_id = pd.product_id WHERE isPromotionProduct = 1, p.category_id=25 in /var/www/html/zotamart/system/library/db/mysqli.php on line 41
2015-04-17 9:22:11 - PHP Notice:  Trying to get property of non-object in /var/www/html/zotamart/application/model/catalog/product.php on line 6
2015-04-17 9:22:11 - PHP Warning:  Invalid argument supplied for foreach() in /var/www/html/zotamart/application/controller/common/home.php on line 24
2015-04-17 9:22:11 - PHP Notice:  Error: You have an error in your SQL syntax; check the manual that corresponds to your MySQL server version for the right syntax to use near ' p.category_id=57' at line 1<br />Error No: 1064<br />SELECT DISTINCT *, p.product_id, pd.name AS name, p.image, p.price FROM product p LEFT JOIN product_description pd ON p.product_id = pd.product_id WHERE isPromotionProduct = 1, p.category_id=57 in /var/www/html/zotamart/system/library/db/mysqli.php on line 41
2015-04-17 9:22:11 - PHP Notice:  Trying to get property of non-object in /var/www/html/zotamart/application/model/catalog/product.php on line 6
2015-04-17 9:22:11 - PHP Warning:  Invalid argument supplied for foreach() in /var/www/html/zotamart/application/controller/common/home.php on line 24
2015-04-17 9:22:11 - PHP Notice:  Error: You have an error in your SQL syntax; check the manual that corresponds to your MySQL server version for the right syntax to use near ' p.category_id=17' at line 1<br />Error No: 1064<br />SELECT DISTINCT *, p.product_id, pd.name AS name, p.image, p.price FROM product p LEFT JOIN product_description pd ON p.product_id = pd.product_id WHERE isPromotionProduct = 1, p.category_id=17 in /var/www/html/zotamart/system/library/db/mysqli.php on line 41
2015-04-17 9:22:11 - PHP Notice:  Trying to get property of non-object in /var/www/html/zotamart/application/model/catalog/product.php on line 6
2015-04-17 9:22:11 - PHP Warning:  Invalid argument supplied for foreach() in /var/www/html/zotamart/application/controller/common/home.php on line 24
2015-04-17 9:22:11 - PHP Notice:  Error: You have an error in your SQL syntax; check the manual that corresponds to your MySQL server version for the right syntax to use near ' p.category_id=24' at line 1<br />Error No: 1064<br />SELECT DISTINCT *, p.product_id, pd.name AS name, p.image, p.price FROM product p LEFT JOIN product_description pd ON p.product_id = pd.product_id WHERE isPromotionProduct = 1, p.category_id=24 in /var/www/html/zotamart/system/library/db/mysqli.php on line 41
2015-04-17 9:22:11 - PHP Notice:  Trying to get property of non-object in /var/www/html/zotamart/application/model/catalog/product.php on line 6
2015-04-17 9:22:11 - PHP Warning:  Invalid argument supplied for foreach() in /var/www/html/zotamart/application/controller/common/home.php on line 24
2015-04-17 9:22:11 - PHP Notice:  Error: You have an error in your SQL syntax; check the manual that corresponds to your MySQL server version for the right syntax to use near ' p.category_id=33' at line 1<br />Error No: 1064<br />SELECT DISTINCT *, p.product_id, pd.name AS name, p.image, p.price FROM product p LEFT JOIN product_description pd ON p.product_id = pd.product_id WHERE isPromotionProduct = 1, p.category_id=33 in /var/www/html/zotamart/system/library/db/mysqli.php on line 41
2015-04-17 9:22:11 - PHP Notice:  Trying to get property of non-object in /var/www/html/zotamart/application/model/catalog/product.php on line 6
2015-04-17 9:22:11 - PHP Warning:  Invalid argument supplied for foreach() in /var/www/html/zotamart/application/controller/common/home.php on line 24
2015-04-17 9:22:11 - PHP Notice:  Error: You have an error in your SQL syntax; check the manual that corresponds to your MySQL server version for the right syntax to use near ' p.category_id=34' at line 1<br />Error No: 1064<br />SELECT DISTINCT *, p.product_id, pd.name AS name, p.image, p.price FROM product p LEFT JOIN product_description pd ON p.product_id = pd.product_id WHERE isPromotionProduct = 1, p.category_id=34 in /var/www/html/zotamart/system/library/db/mysqli.php on line 41
2015-04-17 9:22:11 - PHP Notice:  Trying to get property of non-object in /var/www/html/zotamart/application/model/catalog/product.php on line 6
2015-04-17 9:22:11 - PHP Warning:  Invalid argument supplied for foreach() in /var/www/html/zotamart/application/controller/common/home.php on line 24
2015-04-17 9:22:11 - PHP Notice:  Error: You have an error in your SQL syntax; check the manual that corresponds to your MySQL server version for the right syntax to use near ' p.category_id=20' at line 1<br />Error No: 1064<br />SELECT DISTINCT *, p.product_id, pd.name AS name, p.image, p.price FROM product p LEFT JOIN product_description pd ON p.product_id = pd.product_id WHERE isPromotionProduct = 1, p.category_id=20 in /var/www/html/zotamart/system/library/db/mysqli.php on line 41
2015-04-17 9:22:11 - PHP Notice:  Trying to get property of non-object in /var/www/html/zotamart/application/model/catalog/product.php on line 6
2015-04-17 9:22:11 - PHP Warning:  Invalid argument supplied for foreach() in /var/www/html/zotamart/application/controller/common/home.php on line 24
2015-04-17 9:22:11 - PHP Notice:  Error: You have an error in your SQL syntax; check the manual that corresponds to your MySQL server version for the right syntax to use near ' p.category_id=25' at line 1<br />Error No: 1064<br />SELECT DISTINCT *, p.product_id, pd.name AS name, p.image, p.price FROM product p LEFT JOIN product_description pd ON p.product_id = pd.product_id WHERE isPromotionProduct = 1, p.category_id=25 in /var/www/html/zotamart/system/library/db/mysqli.php on line 41
2015-04-17 9:22:11 - PHP Notice:  Trying to get property of non-object in /var/www/html/zotamart/application/model/catalog/product.php on line 6
2015-04-17 9:22:11 - PHP Warning:  Invalid argument supplied for foreach() in /var/www/html/zotamart/application/controller/common/home.php on line 24
2015-04-17 9:22:11 - PHP Notice:  Error: You have an error in your SQL syntax; check the manual that corresponds to your MySQL server version for the right syntax to use near ' p.category_id=57' at line 1<br />Error No: 1064<br />SELECT DISTINCT *, p.product_id, pd.name AS name, p.image, p.price FROM product p LEFT JOIN product_description pd ON p.product_id = pd.product_id WHERE isPromotionProduct = 1, p.category_id=57 in /var/www/html/zotamart/system/library/db/mysqli.php on line 41
2015-04-17 9:22:11 - PHP Notice:  Trying to get property of non-object in /var/www/html/zotamart/application/model/catalog/product.php on line 6
2015-04-17 9:22:11 - PHP Warning:  Invalid argument supplied for foreach() in /var/www/html/zotamart/application/controller/common/home.php on line 24
2015-04-17 9:22:11 - PHP Notice:  Error: You have an error in your SQL syntax; check the manual that corresponds to your MySQL server version for the right syntax to use near ' p.category_id=17' at line 1<br />Error No: 1064<br />SELECT DISTINCT *, p.product_id, pd.name AS name, p.image, p.price FROM product p LEFT JOIN product_description pd ON p.product_id = pd.product_id WHERE isPromotionProduct = 1, p.category_id=17 in /var/www/html/zotamart/system/library/db/mysqli.php on line 41
2015-04-17 9:22:11 - PHP Notice:  Trying to get property of non-object in /var/www/html/zotamart/application/model/catalog/product.php on line 6
2015-04-17 9:22:11 - PHP Warning:  Invalid argument supplied for foreach() in /var/www/html/zotamart/application/controller/common/home.php on line 24
2015-04-17 9:22:11 - PHP Notice:  Error: You have an error in your SQL syntax; check the manual that corresponds to your MySQL server version for the right syntax to use near ' p.category_id=24' at line 1<br />Error No: 1064<br />SELECT DISTINCT *, p.product_id, pd.name AS name, p.image, p.price FROM product p LEFT JOIN product_description pd ON p.product_id = pd.product_id WHERE isPromotionProduct = 1, p.category_id=24 in /var/www/html/zotamart/system/library/db/mysqli.php on line 41
2015-04-17 9:22:11 - PHP Notice:  Trying to get property of non-object in /var/www/html/zotamart/application/model/catalog/product.php on line 6
2015-04-17 9:22:11 - PHP Warning:  Invalid argument supplied for foreach() in /var/www/html/zotamart/application/controller/common/home.php on line 24
2015-04-17 9:22:11 - PHP Notice:  Error: You have an error in your SQL syntax; check the manual that corresponds to your MySQL server version for the right syntax to use near ' p.category_id=33' at line 1<br />Error No: 1064<br />SELECT DISTINCT *, p.product_id, pd.name AS name, p.image, p.price FROM product p LEFT JOIN product_description pd ON p.product_id = pd.product_id WHERE isPromotionProduct = 1, p.category_id=33 in /var/www/html/zotamart/system/library/db/mysqli.php on line 41
2015-04-17 9:22:11 - PHP Notice:  Trying to get property of non-object in /var/www/html/zotamart/application/model/catalog/product.php on line 6
2015-04-17 9:22:11 - PHP Warning:  Invalid argument supplied for foreach() in /var/www/html/zotamart/application/controller/common/home.php on line 24
2015-04-17 9:22:11 - PHP Notice:  Error: You have an error in your SQL syntax; check the manual that corresponds to your MySQL server version for the right syntax to use near ' p.category_id=34' at line 1<br />Error No: 1064<br />SELECT DISTINCT *, p.product_id, pd.name AS name, p.image, p.price FROM product p LEFT JOIN product_description pd ON p.product_id = pd.product_id WHERE isPromotionProduct = 1, p.category_id=34 in /var/www/html/zotamart/system/library/db/mysqli.php on line 41
2015-04-17 9:22:11 - PHP Notice:  Trying to get property of non-object in /var/www/html/zotamart/application/model/catalog/product.php on line 6
2015-04-17 9:22:11 - PHP Warning:  Invalid argument supplied for foreach() in /var/www/html/zotamart/application/controller/common/home.php on line 24
2015-04-17 9:22:12 - PHP Notice:  Error: You have an error in your SQL syntax; check the manual that corresponds to your MySQL server version for the right syntax to use near ' p.category_id=20' at line 1<br />Error No: 1064<br />SELECT DISTINCT *, p.product_id, pd.name AS name, p.image, p.price FROM product p LEFT JOIN product_description pd ON p.product_id = pd.product_id WHERE isPromotionProduct = 1, p.category_id=20 in /var/www/html/zotamart/system/library/db/mysqli.php on line 41
2015-04-17 9:22:12 - PHP Notice:  Trying to get property of non-object in /var/www/html/zotamart/application/model/catalog/product.php on line 6
2015-04-17 9:22:12 - PHP Warning:  Invalid argument supplied for foreach() in /var/www/html/zotamart/application/controller/common/home.php on line 24
2015-04-17 9:22:12 - PHP Notice:  Error: You have an error in your SQL syntax; check the manual that corresponds to your MySQL server version for the right syntax to use near ' p.category_id=25' at line 1<br />Error No: 1064<br />SELECT DISTINCT *, p.product_id, pd.name AS name, p.image, p.price FROM product p LEFT JOIN product_description pd ON p.product_id = pd.product_id WHERE isPromotionProduct = 1, p.category_id=25 in /var/www/html/zotamart/system/library/db/mysqli.php on line 41
2015-04-17 9:22:12 - PHP Notice:  Trying to get property of non-object in /var/www/html/zotamart/application/model/catalog/product.php on line 6
2015-04-17 9:22:12 - PHP Warning:  Invalid argument supplied for foreach() in /var/www/html/zotamart/application/controller/common/home.php on line 24
2015-04-17 9:22:12 - PHP Notice:  Error: You have an error in your SQL syntax; check the manual that corresponds to your MySQL server version for the right syntax to use near ' p.category_id=57' at line 1<br />Error No: 1064<br />SELECT DISTINCT *, p.product_id, pd.name AS name, p.image, p.price FROM product p LEFT JOIN product_description pd ON p.product_id = pd.product_id WHERE isPromotionProduct = 1, p.category_id=57 in /var/www/html/zotamart/system/library/db/mysqli.php on line 41
2015-04-17 9:22:12 - PHP Notice:  Trying to get property of non-object in /var/www/html/zotamart/application/model/catalog/product.php on line 6
2015-04-17 9:22:12 - PHP Warning:  Invalid argument supplied for foreach() in /var/www/html/zotamart/application/controller/common/home.php on line 24
2015-04-17 9:22:12 - PHP Notice:  Error: You have an error in your SQL syntax; check the manual that corresponds to your MySQL server version for the right syntax to use near ' p.category_id=17' at line 1<br />Error No: 1064<br />SELECT DISTINCT *, p.product_id, pd.name AS name, p.image, p.price FROM product p LEFT JOIN product_description pd ON p.product_id = pd.product_id WHERE isPromotionProduct = 1, p.category_id=17 in /var/www/html/zotamart/system/library/db/mysqli.php on line 41
2015-04-17 9:22:12 - PHP Notice:  Trying to get property of non-object in /var/www/html/zotamart/application/model/catalog/product.php on line 6
2015-04-17 9:22:12 - PHP Warning:  Invalid argument supplied for foreach() in /var/www/html/zotamart/application/controller/common/home.php on line 24
2015-04-17 9:22:12 - PHP Notice:  Error: You have an error in your SQL syntax; check the manual that corresponds to your MySQL server version for the right syntax to use near ' p.category_id=24' at line 1<br />Error No: 1064<br />SELECT DISTINCT *, p.product_id, pd.name AS name, p.image, p.price FROM product p LEFT JOIN product_description pd ON p.product_id = pd.product_id WHERE isPromotionProduct = 1, p.category_id=24 in /var/www/html/zotamart/system/library/db/mysqli.php on line 41
2015-04-17 9:22:12 - PHP Notice:  Trying to get property of non-object in /var/www/html/zotamart/application/model/catalog/product.php on line 6
2015-04-17 9:22:12 - PHP Warning:  Invalid argument supplied for foreach() in /var/www/html/zotamart/application/controller/common/home.php on line 24
2015-04-17 9:22:12 - PHP Notice:  Error: You have an error in your SQL syntax; check the manual that corresponds to your MySQL server version for the right syntax to use near ' p.category_id=33' at line 1<br />Error No: 1064<br />SELECT DISTINCT *, p.product_id, pd.name AS name, p.image, p.price FROM product p LEFT JOIN product_description pd ON p.product_id = pd.product_id WHERE isPromotionProduct = 1, p.category_id=33 in /var/www/html/zotamart/system/library/db/mysqli.php on line 41
2015-04-17 9:22:12 - PHP Notice:  Trying to get property of non-object in /var/www/html/zotamart/application/model/catalog/product.php on line 6
2015-04-17 9:22:12 - PHP Warning:  Invalid argument supplied for foreach() in /var/www/html/zotamart/application/controller/common/home.php on line 24
2015-04-17 9:22:12 - PHP Notice:  Error: You have an error in your SQL syntax; check the manual that corresponds to your MySQL server version for the right syntax to use near ' p.category_id=34' at line 1<br />Error No: 1064<br />SELECT DISTINCT *, p.product_id, pd.name AS name, p.image, p.price FROM product p LEFT JOIN product_description pd ON p.product_id = pd.product_id WHERE isPromotionProduct = 1, p.category_id=34 in /var/www/html/zotamart/system/library/db/mysqli.php on line 41
2015-04-17 9:22:12 - PHP Notice:  Trying to get property of non-object in /var/www/html/zotamart/application/model/catalog/product.php on line 6
2015-04-17 9:22:12 - PHP Warning:  Invalid argument supplied for foreach() in /var/www/html/zotamart/application/controller/common/home.php on line 24
2015-04-17 9:28:06 - PHP Notice:  Error: You have an error in your SQL syntax; check the manual that corresponds to your MySQL server version for the right syntax to use near ' p.category_id=20' at line 1<br />Error No: 1064<br />SELECT DISTINCT *, p.product_id, pd.name AS name, p.image, p.price FROM product p LEFT JOIN product_description pd ON p.product_id = pd.product_id WHERE isPromotionProduct = 1, p.category_id=20 in /var/www/html/zotamart/system/library/db/mysqli.php on line 41
2015-04-17 9:28:06 - PHP Notice:  Trying to get property of non-object in /var/www/html/zotamart/application/model/catalog/product.php on line 6
2015-04-17 9:28:06 - PHP Warning:  Invalid argument supplied for foreach() in /var/www/html/zotamart/application/controller/common/home.php on line 24
2015-04-17 9:28:06 - PHP Notice:  Error: You have an error in your SQL syntax; check the manual that corresponds to your MySQL server version for the right syntax to use near ' p.category_id=25' at line 1<br />Error No: 1064<br />SELECT DISTINCT *, p.product_id, pd.name AS name, p.image, p.price FROM product p LEFT JOIN product_description pd ON p.product_id = pd.product_id WHERE isPromotionProduct = 1, p.category_id=25 in /var/www/html/zotamart/system/library/db/mysqli.php on line 41
2015-04-17 9:28:06 - PHP Notice:  Trying to get property of non-object in /var/www/html/zotamart/application/model/catalog/product.php on line 6
2015-04-17 9:28:06 - PHP Warning:  Invalid argument supplied for foreach() in /var/www/html/zotamart/application/controller/common/home.php on line 24
2015-04-17 9:28:06 - PHP Notice:  Error: You have an error in your SQL syntax; check the manual that corresponds to your MySQL server version for the right syntax to use near ' p.category_id=57' at line 1<br />Error No: 1064<br />SELECT DISTINCT *, p.product_id, pd.name AS name, p.image, p.price FROM product p LEFT JOIN product_description pd ON p.product_id = pd.product_id WHERE isPromotionProduct = 1, p.category_id=57 in /var/www/html/zotamart/system/library/db/mysqli.php on line 41
2015-04-17 9:28:06 - PHP Notice:  Trying to get property of non-object in /var/www/html/zotamart/application/model/catalog/product.php on line 6
2015-04-17 9:28:06 - PHP Warning:  Invalid argument supplied for foreach() in /var/www/html/zotamart/application/controller/common/home.php on line 24
2015-04-17 9:28:06 - PHP Notice:  Error: You have an error in your SQL syntax; check the manual that corresponds to your MySQL server version for the right syntax to use near ' p.category_id=17' at line 1<br />Error No: 1064<br />SELECT DISTINCT *, p.product_id, pd.name AS name, p.image, p.price FROM product p LEFT JOIN product_description pd ON p.product_id = pd.product_id WHERE isPromotionProduct = 1, p.category_id=17 in /var/www/html/zotamart/system/library/db/mysqli.php on line 41
2015-04-17 9:28:06 - PHP Notice:  Trying to get property of non-object in /var/www/html/zotamart/application/model/catalog/product.php on line 6
2015-04-17 9:28:06 - PHP Warning:  Invalid argument supplied for foreach() in /var/www/html/zotamart/application/controller/common/home.php on line 24
2015-04-17 9:28:06 - PHP Notice:  Error: You have an error in your SQL syntax; check the manual that corresponds to your MySQL server version for the right syntax to use near ' p.category_id=24' at line 1<br />Error No: 1064<br />SELECT DISTINCT *, p.product_id, pd.name AS name, p.image, p.price FROM product p LEFT JOIN product_description pd ON p.product_id = pd.product_id WHERE isPromotionProduct = 1, p.category_id=24 in /var/www/html/zotamart/system/library/db/mysqli.php on line 41
2015-04-17 9:28:06 - PHP Notice:  Trying to get property of non-object in /var/www/html/zotamart/application/model/catalog/product.php on line 6
2015-04-17 9:28:06 - PHP Warning:  Invalid argument supplied for foreach() in /var/www/html/zotamart/application/controller/common/home.php on line 24
2015-04-17 9:28:06 - PHP Notice:  Error: You have an error in your SQL syntax; check the manual that corresponds to your MySQL server version for the right syntax to use near ' p.category_id=33' at line 1<br />Error No: 1064<br />SELECT DISTINCT *, p.product_id, pd.name AS name, p.image, p.price FROM product p LEFT JOIN product_description pd ON p.product_id = pd.product_id WHERE isPromotionProduct = 1, p.category_id=33 in /var/www/html/zotamart/system/library/db/mysqli.php on line 41
2015-04-17 9:28:06 - PHP Notice:  Trying to get property of non-object in /var/www/html/zotamart/application/model/catalog/product.php on line 6
2015-04-17 9:28:06 - PHP Warning:  Invalid argument supplied for foreach() in /var/www/html/zotamart/application/controller/common/home.php on line 24
2015-04-17 9:28:06 - PHP Notice:  Error: You have an error in your SQL syntax; check the manual that corresponds to your MySQL server version for the right syntax to use near ' p.category_id=34' at line 1<br />Error No: 1064<br />SELECT DISTINCT *, p.product_id, pd.name AS name, p.image, p.price FROM product p LEFT JOIN product_description pd ON p.product_id = pd.product_id WHERE isPromotionProduct = 1, p.category_id=34 in /var/www/html/zotamart/system/library/db/mysqli.php on line 41
2015-04-17 9:28:06 - PHP Notice:  Trying to get property of non-object in /var/www/html/zotamart/application/model/catalog/product.php on line 6
2015-04-17 9:28:06 - PHP Warning:  Invalid argument supplied for foreach() in /var/www/html/zotamart/application/controller/common/home.php on line 24
2015-04-17 9:29:24 - PHP Notice:  Error: You have an error in your SQL syntax; check the manual that corresponds to your MySQL server version for the right syntax to use near ' p.category_id = 20' at line 1<br />Error No: 1064<br />SELECT DISTINCT *, p.product_id, pd.name AS name, p.image, p.price FROM product p LEFT JOIN product_description pd ON p.product_id = pd.product_id WHERE isPromotionProduct = 1, p.category_id = 20 in /var/www/html/zotamart/system/library/db/mysqli.php on line 41
2015-04-17 9:29:24 - PHP Notice:  Trying to get property of non-object in /var/www/html/zotamart/application/model/catalog/product.php on line 7
2015-04-17 9:29:24 - PHP Warning:  Invalid argument supplied for foreach() in /var/www/html/zotamart/application/controller/common/home.php on line 24
2015-04-17 9:29:24 - PHP Notice:  Error: You have an error in your SQL syntax; check the manual that corresponds to your MySQL server version for the right syntax to use near ' p.category_id = 25' at line 1<br />Error No: 1064<br />SELECT DISTINCT *, p.product_id, pd.name AS name, p.image, p.price FROM product p LEFT JOIN product_description pd ON p.product_id = pd.product_id WHERE isPromotionProduct = 1, p.category_id = 25 in /var/www/html/zotamart/system/library/db/mysqli.php on line 41
2015-04-17 9:29:24 - PHP Notice:  Trying to get property of non-object in /var/www/html/zotamart/application/model/catalog/product.php on line 7
2015-04-17 9:29:24 - PHP Warning:  Invalid argument supplied for foreach() in /var/www/html/zotamart/application/controller/common/home.php on line 24
2015-04-17 9:29:24 - PHP Notice:  Error: You have an error in your SQL syntax; check the manual that corresponds to your MySQL server version for the right syntax to use near ' p.category_id = 57' at line 1<br />Error No: 1064<br />SELECT DISTINCT *, p.product_id, pd.name AS name, p.image, p.price FROM product p LEFT JOIN product_description pd ON p.product_id = pd.product_id WHERE isPromotionProduct = 1, p.category_id = 57 in /var/www/html/zotamart/system/library/db/mysqli.php on line 41
2015-04-17 9:29:24 - PHP Notice:  Trying to get property of non-object in /var/www/html/zotamart/application/model/catalog/product.php on line 7
2015-04-17 9:29:24 - PHP Warning:  Invalid argument supplied for foreach() in /var/www/html/zotamart/application/controller/common/home.php on line 24
2015-04-17 9:29:24 - PHP Notice:  Error: You have an error in your SQL syntax; check the manual that corresponds to your MySQL server version for the right syntax to use near ' p.category_id = 17' at line 1<br />Error No: 1064<br />SELECT DISTINCT *, p.product_id, pd.name AS name, p.image, p.price FROM product p LEFT JOIN product_description pd ON p.product_id = pd.product_id WHERE isPromotionProduct = 1, p.category_id = 17 in /var/www/html/zotamart/system/library/db/mysqli.php on line 41
2015-04-17 9:29:24 - PHP Notice:  Trying to get property of non-object in /var/www/html/zotamart/application/model/catalog/product.php on line 7
2015-04-17 9:29:24 - PHP Warning:  Invalid argument supplied for foreach() in /var/www/html/zotamart/application/controller/common/home.php on line 24
2015-04-17 9:29:24 - PHP Notice:  Error: You have an error in your SQL syntax; check the manual that corresponds to your MySQL server version for the right syntax to use near ' p.category_id = 24' at line 1<br />Error No: 1064<br />SELECT DISTINCT *, p.product_id, pd.name AS name, p.image, p.price FROM product p LEFT JOIN product_description pd ON p.product_id = pd.product_id WHERE isPromotionProduct = 1, p.category_id = 24 in /var/www/html/zotamart/system/library/db/mysqli.php on line 41
2015-04-17 9:29:24 - PHP Notice:  Trying to get property of non-object in /var/www/html/zotamart/application/model/catalog/product.php on line 7
2015-04-17 9:29:24 - PHP Warning:  Invalid argument supplied for foreach() in /var/www/html/zotamart/application/controller/common/home.php on line 24
2015-04-17 9:29:24 - PHP Notice:  Error: You have an error in your SQL syntax; check the manual that corresponds to your MySQL server version for the right syntax to use near ' p.category_id = 33' at line 1<br />Error No: 1064<br />SELECT DISTINCT *, p.product_id, pd.name AS name, p.image, p.price FROM product p LEFT JOIN product_description pd ON p.product_id = pd.product_id WHERE isPromotionProduct = 1, p.category_id = 33 in /var/www/html/zotamart/system/library/db/mysqli.php on line 41
2015-04-17 9:29:24 - PHP Notice:  Trying to get property of non-object in /var/www/html/zotamart/application/model/catalog/product.php on line 7
2015-04-17 9:29:24 - PHP Warning:  Invalid argument supplied for foreach() in /var/www/html/zotamart/application/controller/common/home.php on line 24
2015-04-17 9:29:24 - PHP Notice:  Error: You have an error in your SQL syntax; check the manual that corresponds to your MySQL server version for the right syntax to use near ' p.category_id = 34' at line 1<br />Error No: 1064<br />SELECT DISTINCT *, p.product_id, pd.name AS name, p.image, p.price FROM product p LEFT JOIN product_description pd ON p.product_id = pd.product_id WHERE isPromotionProduct = 1, p.category_id = 34 in /var/www/html/zotamart/system/library/db/mysqli.php on line 41
2015-04-17 9:29:24 - PHP Notice:  Trying to get property of non-object in /var/www/html/zotamart/application/model/catalog/product.php on line 7
2015-04-17 9:29:24 - PHP Warning:  Invalid argument supplied for foreach() in /var/www/html/zotamart/application/controller/common/home.php on line 24
2015-04-17 9:53:59 - PHP Warning:  imagejpeg(): Unable to open '/var/www/html/zotamart/image/cache/catalog/demo/apple_cinema_30-100x100.jpg' for writing: Permission denied in /var/www/html/zotamart/system/library/image.php on line 45
2015-04-17 9:53:59 - PHP Warning:  imagejpeg(): Unable to open '/var/www/html/zotamart/image/cache/catalog/demo/canon_logo-100x100.jpg' for writing: Permission denied in /var/www/html/zotamart/system/library/image.php on line 45
2015-04-17 9:53:59 - PHP Warning:  imagejpeg(): Unable to open '/var/www/html/zotamart/image/cache/catalog/demo/hp_1-100x100.jpg' for writing: Permission denied in /var/www/html/zotamart/system/library/image.php on line 45
2015-04-17 9:53:59 - PHP Warning:  imagejpeg(): Unable to open '/var/www/html/zotamart/image/cache/catalog/demo/compaq_presario-100x100.jpg' for writing: Permission denied in /var/www/html/zotamart/system/library/image.php on line 45
2015-04-17 9:53:59 - PHP Warning:  imagejpeg(): Unable to open '/var/www/html/zotamart/image/cache/catalog/demo/canon_eos_5d_1-100x100.jpg' for writing: Permission denied in /var/www/html/zotamart/system/library/image.php on line 45
2015-04-17 9:53:59 - PHP Warning:  imagejpeg(): Unable to open '/var/www/html/zotamart/image/cache/catalog/demo/canon_eos_5d_2-100x100.jpg' for writing: Permission denied in /var/www/html/zotamart/system/library/image.php on line 45
2015-04-17 11:34:55 - PHP Notice:  Undefined index: isPromotionProduct in /var/www/html/zotamart/zadmin/model/catalog/product.php on line 140
2015-04-17 11:36:35 - PHP Notice:  Undefined index: isPromotionProduct in /var/www/html/zotamart/zadmin/model/catalog/product.php on line 140
2015-04-17 11:48:27 - PHP Notice:  Undefined index: isPromotionProduct in /var/www/html/zotamart/zadmin/model/catalog/product.php on line 156
2015-04-17 12:02:06 - PHP Notice:  Undefined index: name in /var/www/html/zotamart/application/view/theme/default/template/common/home.tpl on line 33
